<?xml version="1.0" encoding="UTF-8"?>
<!-- Generated by org.testng.reporters.JUnitXMLReporter -->
<testsuite ignored="0" hostname="birendras-MacBook-Air.local" failures="1" tests="1" name="Ordering" time="7.338" errors="0" timestamp="2020-06-16T15:25:22 EDT">
  <testcase classname="testCase.Ordering" name="orderItems" time="6.745">
    <failure type="java.lang.AssertionError" message="Failing the Test">
      <![CDATA[java.lang.AssertionError: Failing the Test
at testCase.Ordering.orderItems(Ordering.java:24)
at java.base/java.util.ArrayList.forEach(ArrayList.java:1510)
... Removed 28 stack frames]]>
    </failure>
  </testcase> <!-- orderItems -->
</testsuite> <!-- Ordering -->
