<?xml version="1.0" encoding="UTF-8"?>
<!-- Generated by org.testng.reporters.JUnitXMLReporter -->
<testsuite ignored="0" hostname="birendras-MacBook-Air.local" failures="1" tests="1" name="Test4" time="16.644" errors="0" timestamp="2020-07-08T19:35:21 EDT">
  <testcase classname="testCase.VerifyLoginPage" name="verifyLoginPage" time="16.15">
    <failure type="java.lang.AssertionError" message="Sign in not found expected [true] but found [false]">
      <![CDATA[java.lang.AssertionError: Sign in not found expected [true] but found [false]
at testCase.VerifyLoginPage.verifyLoginPage(VerifyLoginPage.java:36)
at java.base/java.util.ArrayList.forEach(ArrayList.java:1510)
... Removed 30 stack frames]]>
    </failure>
  </testcase> <!-- verifyLoginPage -->
</testsuite> <!-- Test4 -->
