<?xml version="1.0" encoding="UTF-8"?>
<!-- Generated by org.testng.reporters.JUnitXMLReporter -->
<testsuite ignored="0" hostname="birendras-MacBook-Air.local" failures="1" tests="1" name="Test3" time="5.475" errors="0" timestamp="2020-07-08T19:34:59 EDT">
  <testcase classname="testCase.Ordering" name="ordering" time="4.871">
    <failure type="java.lang.AssertionError" message="Failing the Test">
      <![CDATA[java.lang.AssertionError: Failing the Test
at testCase.Ordering.ordering(Ordering.java:32)
at java.base/java.util.ArrayList.forEach(ArrayList.java:1510)
... Removed 28 stack frames]]>
    </failure>
  </testcase> <!-- ordering -->
</testsuite> <!-- Test3 -->
