<?xml version="1.0" encoding="UTF-8"?>
<!-- Generated by org.testng.reporters.JUnitXMLReporter -->
<testsuite ignored="0" hostname="birendras-MacBook-Air.local" failures="1" tests="1" name="VerifyLogin" time="2.338" errors="0" timestamp="2020-06-16T15:25:25 EDT">
  <testcase classname="testCase.VerifyLoginPage" name="verifyLoginPage" time="1.822">
    <failure type="java.lang.AssertionError" message="Sign in not found expected [true] but found [false]">
      <![CDATA[java.lang.AssertionError: Sign in not found expected [true] but found [false]
at testCase.VerifyLoginPage.verifyLoginPage(VerifyLoginPage.java:28)
at java.base/java.util.ArrayList.forEach(ArrayList.java:1510)
... Removed 30 stack frames]]>
    </failure>
  </testcase> <!-- verifyLoginPage -->
</testsuite> <!-- VerifyLogin -->
