<?xml version="1.0" encoding="utf-8" ?>
<!DOCTYPE html PUBLIC "-//W3C//DTD XHTML 1.0 Strict//EN"
        "http://www.w3.org/TR/xhtml1/DTD/xhtml1-strict.dtd">
<html xmlns="http://www.w3.org/1999/xhtml" xml:lang="" lang="">
<head>
  <title>Test Results Report - Registration</title>
  <meta http-equiv="Content-Type" content="text/html;charset=utf-8" />
  <meta name="description" content="TestNG unit test results." />
  <link href="reportng.css" rel="stylesheet" type="text/css" />
    <script type="text/javascript" src="reportng.js"></script>
</head>
<body>
<h1>Registration</h1>
<p>
  Test duration: 0.110s
</p>



  <table class="resultsTable">
    <tr><th colspan="3" class="header failed">Failed Tests</th></tr>
          <tr>
        <td colspan="3" class="group">testCase.Registration</td>
      </tr>
            
<tr>
  <td class="method">
                  registerUser
      </td>
  <td class="duration">
    0.069s
  </td>
  <td class="result">
        
          <i>Method arguments: </i><span class="arguments">{zipCode=11111.0, lastName=Chand, firstName=Birendra, emailAddress=abctest@test.com}</span><br />
    
        

        <a href="javascript:toggleElement('exception-0', 'block')" title="Click to expand/collapse"><b>org.openqa.selenium.NoSuchElementException: <br/>
For documentation on this error, please visit: https://www.seleniumhq.org/exceptions/no_such_element.html<br/>
Build info: version: &apos;3.141.59&apos;, revision: &apos;e82be7d358&apos;, time: &apos;2018-11-14T08:17:03&apos;<br/>
System info: host: &apos;birendras-MacBook-Air.local&apos;, ip: &apos;2601:586:8003:8830:0:0:0:db9f%en0&apos;, os.name: &apos;Mac OS X&apos;, os.arch: &apos;x86_64&apos;, os.version: &apos;10.15.4&apos;, java.version: &apos;14.0.1&apos;<br/>
Driver info: org.openqa.selenium.safari.SafariDriver<br/>
Capabilities {acceptInsecureCerts: false, browserName: Safari, browserVersion: 13.1, javascriptEnabled: true, platform: MAC, platformName: MAC, safari:automaticInspection: false, safari:automaticProfiling: false, safari:diagnose: false, safari:platformBuildVersion: 19E287, safari:platformVersion: 10.15.4, safari:useSimulator: false, setWindowRect: true, strictFileInteractability: false, webkit:WebRTC: {DisableICECandidateFiltering: false, DisableInsecureMediaCapture: false}}<br/>
Session ID: 50408DE6-C53D-4EE5-8427-1F57E7566BF5<br/>
*** Element info: {Using=id, value=email_create}</b></a><br />
    <div class="stackTrace" id="exception-0">
              java.base/jdk.internal.reflect.NativeConstructorAccessorImpl.newInstance0(Native Method)<br />
              java.base/jdk.internal.reflect.NativeConstructorAccessorImpl.newInstance(NativeConstructorAccessorImpl.java:62)<br />
              java.base/jdk.internal.reflect.DelegatingConstructorAccessorImpl.newInstance(DelegatingConstructorAccessorImpl.java:45)<br />
              java.base/java.lang.reflect.Constructor.newInstanceWithCaller(Constructor.java:500)<br />
              java.base/java.lang.reflect.Constructor.newInstance(Constructor.java:481)<br />
              org.openqa.selenium.remote.http.W3CHttpResponseCodec.createException(W3CHttpResponseCodec.java:187)<br />
              org.openqa.selenium.remote.http.W3CHttpResponseCodec.decode(W3CHttpResponseCodec.java:122)<br />
              org.openqa.selenium.remote.http.W3CHttpResponseCodec.decode(W3CHttpResponseCodec.java:49)<br />
              org.openqa.selenium.remote.HttpCommandExecutor.execute(HttpCommandExecutor.java:158)<br />
              org.openqa.selenium.remote.service.DriverCommandExecutor.execute(DriverCommandExecutor.java:83)<br />
              org.openqa.selenium.remote.RemoteWebDriver.execute(RemoteWebDriver.java:552)<br />
              org.openqa.selenium.remote.RemoteWebDriver.findElement(RemoteWebDriver.java:323)<br />
              org.openqa.selenium.remote.RemoteWebDriver.findElementById(RemoteWebDriver.java:372)<br />
              org.openqa.selenium.By$ById.findElement(By.java:188)<br />
              org.openqa.selenium.remote.RemoteWebDriver.findElement(RemoteWebDriver.java:315)<br />
              testCase.Registration.registerUser(Registration.java:20)<br />
              java.base/jdk.internal.reflect.NativeMethodAccessorImpl.invoke0(Native Method)<br />
              java.base/jdk.internal.reflect.NativeMethodAccessorImpl.invoke(NativeMethodAccessorImpl.java:62)<br />
              java.base/jdk.internal.reflect.DelegatingMethodAccessorImpl.invoke(DelegatingMethodAccessorImpl.java:43)<br />
              java.base/java.lang.reflect.Method.invoke(Method.java:564)<br />
              org.testng.internal.MethodInvocationHelper.invokeMethod(MethodInvocationHelper.java:134)<br />
              org.testng.internal.TestInvoker.invokeMethod(TestInvoker.java:597)<br />
              org.testng.internal.TestInvoker.invokeTestMethod(TestInvoker.java:173)<br />
              org.testng.internal.MethodRunner.runInSequence(MethodRunner.java:46)<br />
              org.testng.internal.TestInvoker$MethodInvocationAgent.invoke(TestInvoker.java:816)<br />
              org.testng.internal.TestInvoker.invokeTestMethods(TestInvoker.java:146)<br />
              org.testng.internal.TestMethodWorker.invokeTestMethods(TestMethodWorker.java:146)<br />
              org.testng.internal.TestMethodWorker.run(TestMethodWorker.java:128)<br />
              java.base/java.util.ArrayList.forEach(ArrayList.java:1510)<br />
              org.testng.TestRunner.privateRun(TestRunner.java:766)<br />
              org.testng.TestRunner.run(TestRunner.java:587)<br />
              org.testng.SuiteRunner.runTest(SuiteRunner.java:384)<br />
              org.testng.SuiteRunner.runSequentially(SuiteRunner.java:378)<br />
              org.testng.SuiteRunner.privateRun(SuiteRunner.java:337)<br />
              org.testng.SuiteRunner.run(SuiteRunner.java:286)<br />
              org.testng.SuiteRunnerWorker.runSuite(SuiteRunnerWorker.java:53)<br />
              org.testng.SuiteRunnerWorker.run(SuiteRunnerWorker.java:96)<br />
              org.testng.TestNG.runSuitesSequentially(TestNG.java:1187)<br />
              org.testng.TestNG.runSuitesLocally(TestNG.java:1109)<br />
              org.testng.TestNG.runSuites(TestNG.java:1039)<br />
              org.testng.TestNG.run(TestNG.java:1007)<br />
              org.testng.remote.AbstractRemoteTestNG.run(AbstractRemoteTestNG.java:115)<br />
              org.testng.remote.RemoteTestNG.initAndRun(RemoteTestNG.java:251)<br />
              org.testng.remote.RemoteTestNG.main(RemoteTestNG.java:77)<br />
                </div>
      </td>
</tr>
<tr>
  <td class="method">
                  registerUser
      </td>
  <td class="duration">
    0.041s
  </td>
  <td class="result">
        
          <i>Method arguments: </i><span class="arguments">{zipCode=22222.0, lastName=Chand, firstName=Bivek, emailAddress=helo@test.com}</span><br />
    
        

        <a href="javascript:toggleElement('exception-1', 'block')" title="Click to expand/collapse"><b>org.openqa.selenium.NoSuchElementException: <br/>
For documentation on this error, please visit: https://www.seleniumhq.org/exceptions/no_such_element.html<br/>
Build info: version: &apos;3.141.59&apos;, revision: &apos;e82be7d358&apos;, time: &apos;2018-11-14T08:17:03&apos;<br/>
System info: host: &apos;birendras-MacBook-Air.local&apos;, ip: &apos;2601:586:8003:8830:0:0:0:db9f%en0&apos;, os.name: &apos;Mac OS X&apos;, os.arch: &apos;x86_64&apos;, os.version: &apos;10.15.4&apos;, java.version: &apos;14.0.1&apos;<br/>
Driver info: org.openqa.selenium.safari.SafariDriver<br/>
Capabilities {acceptInsecureCerts: false, browserName: Safari, browserVersion: 13.1, javascriptEnabled: true, platform: MAC, platformName: MAC, safari:automaticInspection: false, safari:automaticProfiling: false, safari:diagnose: false, safari:platformBuildVersion: 19E287, safari:platformVersion: 10.15.4, safari:useSimulator: false, setWindowRect: true, strictFileInteractability: false, webkit:WebRTC: {DisableICECandidateFiltering: false, DisableInsecureMediaCapture: false}}<br/>
Session ID: 50408DE6-C53D-4EE5-8427-1F57E7566BF5<br/>
*** Element info: {Using=id, value=email_create}</b></a><br />
    <div class="stackTrace" id="exception-1">
              java.base/jdk.internal.reflect.NativeConstructorAccessorImpl.newInstance0(Native Method)<br />
              java.base/jdk.internal.reflect.NativeConstructorAccessorImpl.newInstance(NativeConstructorAccessorImpl.java:62)<br />
              java.base/jdk.internal.reflect.DelegatingConstructorAccessorImpl.newInstance(DelegatingConstructorAccessorImpl.java:45)<br />
              java.base/java.lang.reflect.Constructor.newInstanceWithCaller(Constructor.java:500)<br />
              java.base/java.lang.reflect.Constructor.newInstance(Constructor.java:481)<br />
              org.openqa.selenium.remote.http.W3CHttpResponseCodec.createException(W3CHttpResponseCodec.java:187)<br />
              org.openqa.selenium.remote.http.W3CHttpResponseCodec.decode(W3CHttpResponseCodec.java:122)<br />
              org.openqa.selenium.remote.http.W3CHttpResponseCodec.decode(W3CHttpResponseCodec.java:49)<br />
              org.openqa.selenium.remote.HttpCommandExecutor.execute(HttpCommandExecutor.java:158)<br />
              org.openqa.selenium.remote.service.DriverCommandExecutor.execute(DriverCommandExecutor.java:83)<br />
              org.openqa.selenium.remote.RemoteWebDriver.execute(RemoteWebDriver.java:552)<br />
              org.openqa.selenium.remote.RemoteWebDriver.findElement(RemoteWebDriver.java:323)<br />
              org.openqa.selenium.remote.RemoteWebDriver.findElementById(RemoteWebDriver.java:372)<br />
              org.openqa.selenium.By$ById.findElement(By.java:188)<br />
              org.openqa.selenium.remote.RemoteWebDriver.findElement(RemoteWebDriver.java:315)<br />
              testCase.Registration.registerUser(Registration.java:20)<br />
              java.base/jdk.internal.reflect.NativeMethodAccessorImpl.invoke0(Native Method)<br />
              java.base/jdk.internal.reflect.NativeMethodAccessorImpl.invoke(NativeMethodAccessorImpl.java:62)<br />
              java.base/jdk.internal.reflect.DelegatingMethodAccessorImpl.invoke(DelegatingMethodAccessorImpl.java:43)<br />
              java.base/java.lang.reflect.Method.invoke(Method.java:564)<br />
              org.testng.internal.MethodInvocationHelper.invokeMethod(MethodInvocationHelper.java:134)<br />
              org.testng.internal.TestInvoker.invokeMethod(TestInvoker.java:597)<br />
              org.testng.internal.TestInvoker.invokeTestMethod(TestInvoker.java:173)<br />
              org.testng.internal.MethodRunner.runInSequence(MethodRunner.java:46)<br />
              org.testng.internal.TestInvoker$MethodInvocationAgent.invoke(TestInvoker.java:816)<br />
              org.testng.internal.TestInvoker.invokeTestMethods(TestInvoker.java:146)<br />
              org.testng.internal.TestMethodWorker.invokeTestMethods(TestMethodWorker.java:146)<br />
              org.testng.internal.TestMethodWorker.run(TestMethodWorker.java:128)<br />
              java.base/java.util.ArrayList.forEach(ArrayList.java:1510)<br />
              org.testng.TestRunner.privateRun(TestRunner.java:766)<br />
              org.testng.TestRunner.run(TestRunner.java:587)<br />
              org.testng.SuiteRunner.runTest(SuiteRunner.java:384)<br />
              org.testng.SuiteRunner.runSequentially(SuiteRunner.java:378)<br />
              org.testng.SuiteRunner.privateRun(SuiteRunner.java:337)<br />
              org.testng.SuiteRunner.run(SuiteRunner.java:286)<br />
              org.testng.SuiteRunnerWorker.runSuite(SuiteRunnerWorker.java:53)<br />
              org.testng.SuiteRunnerWorker.run(SuiteRunnerWorker.java:96)<br />
              org.testng.TestNG.runSuitesSequentially(TestNG.java:1187)<br />
              org.testng.TestNG.runSuitesLocally(TestNG.java:1109)<br />
              org.testng.TestNG.runSuites(TestNG.java:1039)<br />
              org.testng.TestNG.run(TestNG.java:1007)<br />
              org.testng.remote.AbstractRemoteTestNG.run(AbstractRemoteTestNG.java:115)<br />
              org.testng.remote.RemoteTestNG.initAndRun(RemoteTestNG.java:251)<br />
              org.testng.remote.RemoteTestNG.main(RemoteTestNG.java:77)<br />
                </div>
      </td>
</tr>
      </table>


  
</body>
</html>
